<?xml version="1.0" encoding="UTF-8"?>
<testsuites name="Book An Appoinment" time="26.619" tests="2" failures="0" errors="0">
   <testsuite name="Book An Appoinment" tests="2" failures="0" errors="0" time="26.619" skipped="0" timestamp="2022-10-19 12:12:14" hostname="fazry - Fazry.realtek" id="Test Suites/Book An Appoinment">
      <properties>
         <property name="deviceName" value=""/>
         <property name="devicePlatform" value=""/>
         <property name="logFolder" value="C:\\Users\\fazry\\Katalon Studio\\github_test.git\\Reports\\20221019_121204\\Book An Appoinment\\20221019_121204"/>
         <property name="logFiles" value="C:\\Users\\fazry\\Katalon Studio\\github_test.git\\Reports\\20221019_121204\\Book An Appoinment\\20221019_121204\\execution0.log"/>
         <property name="attachments" value=""/>
         <property name="hostName" value="fazry - Fazry.realtek"/>
         <property name="os" value="Windows 10 64bit"/>
         <property name="katalonVersion" value="8.5.1.208"/>
         <property name="browser" value="Chrome 106.0.0.0"/>
         <property name="hostAddress" value="192.168.0.32"/>
         <property name="sessionId" value="f356c59021df8efe1561dc649d7aa6ed"/>
         <property name="seleniumVersion" value="3.141.59"/>
         <property name="proxyInformation" value="ProxyInformation { proxyOption=NO_PROXY, proxyServerType=HTTP, username=, password=********, proxyServerAddress=, proxyServerPort=0, executionList=&quot;&quot;, isApplyToDesiredCapabilities=true }"/>
         <property name="platform" value="Windows 10"/>
      </properties>
      <testcase name="Test Cases/Log In" time="9.77" classname="Test Cases/Log In" status="PASSED">
         <system-out><![CDATA[2022-10-19 12:12:15 - [TEST_CASE][PASSED] - Test Cases/Log In: Test Cases/Log In

2022-10-19 12:12:15 - [TEST_STEP][PASSED] - openBrowser(""): Browser is opened with url: ''

2022-10-19 12:12:15 - [MESSAGE][INFO] - Starting 'Chrome' driver

2022-10-19 12:12:15 - [MESSAGE][INFO] - Action delay is set to 0 milliseconds

2022-10-19 12:12:17 - [MESSAGE][PASSED] - Browser is opened with url: ''

2022-10-19 12:12:17 - [TEST_STEP][PASSED] - maximizeWindow(): Current window maximized

2022-10-19 12:12:17 - [MESSAGE][PASSED] - Current window maximized

2022-10-19 12:12:17 - [TEST_STEP][PASSED] - navigateToUrl("https://katalon-demo-cura.herokuapp.com/"): Navigate to 'https://katalon-demo-cura.herokuapp.com/' successfully

2022-10-19 12:12:20 - [MESSAGE][PASSED] - Navigate to 'https://katalon-demo-cura.herokuapp.com/' successfully

2022-10-19 12:12:20 - [TEST_STEP][PASSED] - click(findTestObject("Object Repository/Book Appointment/a_Make Appointment")): Object: 'Object Repository/Book Appointment/a_Make Appointment' is clicked on

2022-10-19 12:12:21 - [MESSAGE][PASSED] - Object: 'Object Repository/Book Appointment/a_Make Appointment' is clicked on

2022-10-19 12:12:21 - [TEST_STEP][PASSED] - setText(findTestObject("Object Repository/Log in/input_Username_username"), "John Doe"): Text 'John Doe' is set on object 'Object Repository/Log in/input_Username_username'

2022-10-19 12:12:22 - [MESSAGE][PASSED] - Text 'John Doe' is set on object 'Object Repository/Log in/input_Username_username'

2022-10-19 12:12:22 - [TEST_STEP][PASSED] - setEncryptedText(findTestObject("Object Repository/Log in/input_Password_password"), "g3/DOGG74jC3Flrr3yH+3D/yKbOqqUNM"): Text ****** has been set on object 'Object Repository/Log in/input_Password_password'

2022-10-19 12:12:22 - [MESSAGE][PASSED] - Text ****** has been set on object 'Object Repository/Log in/input_Password_password'

2022-10-19 12:12:22 - [TEST_STEP][PASSED] - click(findTestObject("Object Repository/Log in/button_Login")): Object: 'Object Repository/Log in/button_Login' is clicked on

2022-10-19 12:12:24 - [MESSAGE][PASSED] - Object: 'Object Repository/Log in/button_Login' is clicked on

2022-10-19 12:12:24 - [TEST_STEP][PASSED] - verifyElementVisible(findTestObject("Object Repository/Log in/h2_Make Appointment")): Object 'Object Repository/Log in/h2_Make Appointment' is visible

2022-10-19 12:12:24 - [MESSAGE][PASSED] - Object 'Object Repository/Log in/h2_Make Appointment' is visible]]></system-out>
         <system-err><![CDATA[]]></system-err>
      </testcase>
      <testcase name="Test Cases/Book An Appointment" time="16.614" classname="Test Cases/Book An Appointment" status="PASSED">
         <system-out><![CDATA[2022-10-19 12:12:24 - [TEST_CASE][PASSED] - Test Cases/Book An Appointment: Test Cases/Book An Appointment

2022-10-19 12:12:25 - [TEST_STEP][PASSED] - callTestCase(findTestCase("Log In"), [:], STOP_ON_FAILURE): Call Test Case 'Test Cases/Log In' successfully

2022-10-19 12:12:25 - [TEST_CASE][PASSED] - Test Cases/Log In: Test Cases/Log In

2022-10-19 12:12:25 - [TEST_STEP][PASSED] - openBrowser(""): Browser is opened with url: ''

2022-10-19 12:12:25 - [MESSAGE][WARNING] - A browser is already opened. Closing browser and opening a new one

2022-10-19 12:12:25 - [MESSAGE][INFO] - Starting 'Chrome' driver

2022-10-19 12:12:25 - [MESSAGE][INFO] - Action delay is set to 0 milliseconds

2022-10-19 12:12:27 - [MESSAGE][PASSED] - Browser is opened with url: ''

2022-10-19 12:12:27 - [TEST_STEP][PASSED] - maximizeWindow(): Current window maximized

2022-10-19 12:12:27 - [MESSAGE][PASSED] - Current window maximized

2022-10-19 12:12:27 - [TEST_STEP][PASSED] - navigateToUrl("https://katalon-demo-cura.herokuapp.com/"): Navigate to 'https://katalon-demo-cura.herokuapp.com/' successfully

2022-10-19 12:12:32 - [MESSAGE][PASSED] - Navigate to 'https://katalon-demo-cura.herokuapp.com/' successfully

2022-10-19 12:12:32 - [TEST_STEP][PASSED] - click(findTestObject("Object Repository/Book Appointment/a_Make Appointment")): Object: 'Object Repository/Book Appointment/a_Make Appointment' is clicked on

2022-10-19 12:12:33 - [MESSAGE][PASSED] - Object: 'Object Repository/Book Appointment/a_Make Appointment' is clicked on

2022-10-19 12:12:33 - [TEST_STEP][PASSED] - setText(findTestObject("Object Repository/Log in/input_Username_username"), "John Doe"): Text 'John Doe' is set on object 'Object Repository/Log in/input_Username_username'

2022-10-19 12:12:34 - [MESSAGE][PASSED] - Text 'John Doe' is set on object 'Object Repository/Log in/input_Username_username'

2022-10-19 12:12:34 - [TEST_STEP][PASSED] - setEncryptedText(findTestObject("Object Repository/Log in/input_Password_password"), "g3/DOGG74jC3Flrr3yH+3D/yKbOqqUNM"): Text ****** has been set on object 'Object Repository/Log in/input_Password_password'

2022-10-19 12:12:34 - [MESSAGE][PASSED] - Text ****** has been set on object 'Object Repository/Log in/input_Password_password'

2022-10-19 12:12:34 - [TEST_STEP][PASSED] - click(findTestObject("Object Repository/Log in/button_Login")): Object: 'Object Repository/Log in/button_Login' is clicked on

2022-10-19 12:12:35 - [MESSAGE][PASSED] - Object: 'Object Repository/Log in/button_Login' is clicked on

2022-10-19 12:12:35 - [TEST_STEP][PASSED] - verifyElementVisible(findTestObject("Object Repository/Log in/h2_Make Appointment")): Object 'Object Repository/Log in/h2_Make Appointment' is visible

2022-10-19 12:12:36 - [MESSAGE][PASSED] - Object 'Object Repository/Log in/h2_Make Appointment' is visible

2022-10-19 12:12:36 - [MESSAGE][PASSED] - Call Test Case 'Test Cases/Log In' successfully

2022-10-19 12:12:36 - [TEST_STEP][PASSED] - selectOptionByValue(findTestObject("Object Repository/Book Appointment/select_Tokyo CURA Healthcare Center        _5b4107"), "Hongkong CURA Healthcare Center", true): All options with value 'Hongkong CURA Healthcare Center' are selected in object 'Object Repository/Book Appointment/select_Tokyo CURA Healthcare Center        _5b4107'  using regular expression

2022-10-19 12:12:37 - [MESSAGE][PASSED] - All options with value 'Hongkong CURA Healthcare Center' are selected in object 'Object Repository/Book Appointment/select_Tokyo CURA Healthcare Center        _5b4107'  using regular expression

2022-10-19 12:12:37 - [TEST_STEP][PASSED] - click(findTestObject("Object Repository/Book Appointment/input_Apply for hospital readmission_hospit_63901f")): Object: 'Object Repository/Book Appointment/input_Apply for hospital readmission_hospit_63901f' is clicked on

2022-10-19 12:12:37 - [MESSAGE][PASSED] - Object: 'Object Repository/Book Appointment/input_Apply for hospital readmission_hospit_63901f' is clicked on

2022-10-19 12:12:37 - [TEST_STEP][PASSED] - click(findTestObject("Object Repository/Book Appointment/input_Medicaid_programs")): Object: 'Object Repository/Book Appointment/input_Medicaid_programs' is clicked on

2022-10-19 12:12:38 - [MESSAGE][PASSED] - Object: 'Object Repository/Book Appointment/input_Medicaid_programs' is clicked on

2022-10-19 12:12:38 - [TEST_STEP][PASSED] - click(findTestObject("Object Repository/Book Appointment/span_Visit Date (Required)_glyphicon glyphi_cada34")): Object: 'Object Repository/Book Appointment/span_Visit Date (Required)_glyphicon glyphi_cada34' is clicked on

2022-10-19 12:12:38 - [MESSAGE][PASSED] - Object: 'Object Repository/Book Appointment/span_Visit Date (Required)_glyphicon glyphi_cada34' is clicked on

2022-10-19 12:12:38 - [TEST_STEP][PASSED] - click(findTestObject("Object Repository/Book Appointment/input_Visit Date (Required)_visit_date")): Object: 'Object Repository/Book Appointment/input_Visit Date (Required)_visit_date' is clicked on

2022-10-19 12:12:39 - [MESSAGE][PASSED] - Object: 'Object Repository/Book Appointment/input_Visit Date (Required)_visit_date' is clicked on

2022-10-19 12:12:39 - [TEST_STEP][PASSED] - click(findTestObject("Object Repository/Book Appointment/td_22")): Object: 'Object Repository/Book Appointment/td_22' is clicked on

2022-10-19 12:12:39 - [MESSAGE][PASSED] - Object: 'Object Repository/Book Appointment/td_22' is clicked on

2022-10-19 12:12:39 - [TEST_STEP][PASSED] - setText(findTestObject("Object Repository/Book Appointment/textarea_Comment_comment"), "Test"): Text 'Test' is set on object 'Object Repository/Book Appointment/textarea_Comment_comment'

2022-10-19 12:12:40 - [MESSAGE][PASSED] - Text 'Test' is set on object 'Object Repository/Book Appointment/textarea_Comment_comment'

2022-10-19 12:12:40 - [TEST_STEP][PASSED] - click(findTestObject("Object Repository/Book Appointment/button_Book Appointment")): Object: 'Object Repository/Book Appointment/button_Book Appointment' is clicked on

2022-10-19 12:12:41 - [MESSAGE][PASSED] - Object: 'Object Repository/Book Appointment/button_Book Appointment' is clicked on

2022-10-19 12:12:41 - [TEST_STEP][PASSED] - navigateToUrl("https://katalon-demo-cura.herokuapp.com/appointment.php#summary"): Navigate to 'https://katalon-demo-cura.herokuapp.com/appointment.php#summary' successfully

2022-10-19 12:12:41 - [MESSAGE][PASSED] - Navigate to 'https://katalon-demo-cura.herokuapp.com/appointment.php#summary' successfully

2022-10-19 12:12:41 - [TEST_STEP][PASSED] - verifyElementVisible(findTestObject("Object Repository/Book Appointment/p_Please be informed that your appointment _11813a")): Object 'Object Repository/Book Appointment/p_Please be informed that your appointment _11813a' is visible

2022-10-19 12:12:41 - [MESSAGE][PASSED] - Object 'Object Repository/Book Appointment/p_Please be informed that your appointment _11813a' is visible]]></system-out>
         <system-err><![CDATA[]]></system-err>
      </testcase>
      <system-out><![CDATA[2022-10-19 12:12:14 - [TEST_SUITE][PASSED] - Book An Appoinment: Test Cases/Book An Appointment]]></system-out>
      <system-err><![CDATA[]]></system-err>
   </testsuite>
</testsuites>
